[2024-07-08 16:36:04.301513] Bootstrap log:
which: no python3.10 in (/home/aafn/.local/bin:/usr/local/bin:/usr/bin:/usr/local/sbin:/usr/lib/jvm/default/bin:/usr/bin/site_perl:/usr/bin/vendor_perl:/usr/bin/core_perl)
which: no python3.9 in (/home/aafn/.local/bin:/usr/local/bin:/usr/bin:/usr/local/sbin:/usr/lib/jvm/default/bin:/usr/bin/site_perl:/usr/bin/vendor_perl:/usr/bin/core_perl)
which: no python3.8 in (/home/aafn/.local/bin:/usr/local/bin:/usr/bin:/usr/local/sbin:/usr/lib/jvm/default/bin:/usr/bin/site_perl:/usr/bin/vendor_perl:/usr/bin/core_perl)
which: no python3.7 in (/home/aafn/.local/bin:/usr/local/bin:/usr/bin:/usr/local/sbin:/usr/lib/jvm/default/bin:/usr/bin/site_perl:/usr/bin/vendor_perl:/usr/bin/core_perl)
which: no python3.6 in (/home/aafn/.local/bin:/usr/local/bin:/usr/bin:/usr/local/sbin:/usr/lib/jvm/default/bin:/usr/bin/site_perl:/usr/bin/vendor_perl:/usr/bin/core_perl)
Identified Python 3.12.4 at /usr/bin/python3.12
[Bootstrap] Identified pip 24.0 from /usr/lib/python3.12/site-packages/pip (python 3.12)' at /usr/bin/python3.12 -m pip
[Bootstrap] Identified 'pipenv, version 2024.0.1' at /usr/bin/python3.12 -m pipenv
[Bootstrap] Running '/usr/bin/python3.12 -m pipenv install --python 3.12' to ensure the existence of a virtual environment.
[Bootstrap] This may take a moment.
To activate this project's virtualenv, run pipenv shell.
Alternatively, run a command inside the virtualenv with pipenv run.
To activate this project's virtualenv, run pipenv shell.
Alternatively, run a command inside the virtualenv with pipenv run.
Installing dependencies from Pipfile.lock (9e52dd)...
[Bootstrap] Running the script in a virtual environment.
/usr/bin/python3.12 -m pipenv run python3 ./main.py
/home/aafn/KSP/hausuebung/.submitscript/src/submitscript/data/submission.py:87: SyntaxWarning: invalid escape sequence '\['
  matched = re.search("(\[(.*)])?\s*(.+)", self.path.name)

[2024-07-08 16:36:04.301540] === Welcome ===
[2024-07-08 16:36:04.415745] Please review the currently saved information about your team:
[2024-07-08 16:36:04.416029]  1 - First name: Alexander; Last name: Afanasjew; Matriculation number: 5452745
[2024-07-08 16:36:04.416075]  2 - First name: Nikita; Last name: Matveev; Matriculation number: 5423235
[2024-07-08 16:36:05.356898] 
[2024-07-08 16:36:06.238711] 
[2024-07-08 16:36:06.238797] === Submitting ===
[2024-07-08 16:36:07.336759] 
[2024-07-08 16:36:07.337323] 
[2024-07-08 16:36:07.337375] Selected variant 'njvm' for assignment 'Aufgabe-2'.
[2024-07-08 16:36:07.344216] === Building submission ===
[2024-07-08 16:36:07.344250] Running './mknjvm'.
[2024-07-08 16:36:07.344256] === Building submission finished ===
[2024-07-08 16:36:07.455852] === Cleaning directory for submission ===
[2024-07-08 16:36:07.457784] === Cleaning directory finished ===
[2024-07-08 16:36:07.483987] === Starting Upload ===
[2024-07-08 16:36:07.669546] === Upload finished ===
[2024-07-08 16:36:07.669602] === BEGIN Upload Log
[2024-07-08 16:36:07.669631] [2024-07-08 16:36:07.561278] Received submission 7afc6e74-b52a-42f4-9f82-6069ae4bec0c
[2024-07-08 16:36:07.561358] Ip: 172.18.0.3
[2024-07-08 16:36:07.561382] Team members: [('Afanasjew', 'Alexander', '5452745'), ('Matveev', 'Nikita', '5423235')]
[2024-07-08 16:36:07.632466] Your submission was ACCEPTED for course 'KSP-ss24', assignment 'Aufgabe-2'.
[2024-07-08 16:36:07.632520] Your submission has the id 7afc6e74-b52a-42f4-9f82-6069ae4bec0c.
[2024-07-08 16:36:07.632830] It will be evaluated shortly. Please check back soon for your results.

[2024-07-08 16:36:07.669657] === END Upload Log
[2024-07-08 16:36:07.669680] Successfully submitted your solution. Please see the upload log above for more details.
[2024-07-08 16:36:07.670978] Polling for results (Press CTRL + C to abort).
[2024-07-08 16:36:07.794091] .
[2024-07-08 16:36:08.900099] .
[2024-07-08 16:36:10.005843] .
[2024-07-08 16:36:11.104185] .
[2024-07-08 16:36:12.208566] .
[2024-07-08 16:36:13.311444] .
[2024-07-08 16:36:14.409382] .
[2024-07-08 16:36:15.516440] .
[2024-07-08 16:36:16.613024] .
[2024-07-08 16:36:17.708291] .
[2024-07-08 16:36:18.805758] .
[2024-07-08 16:36:19.924921] .
[2024-07-08 16:36:21.021641] .
[2024-07-08 16:36:22.121849] .
[2024-07-08 16:36:23.216398] .
[2024-07-08 16:36:24.311198] .
[2024-07-08 16:36:25.454603] .
[2024-07-08 16:36:26.549168] .
[2024-07-08 16:36:27.644372] .
[2024-07-08 16:36:28.739133] .
[2024-07-08 16:36:29.834833] .
[2024-07-08 16:36:30.929801] .
[2024-07-08 16:36:32.027282] .
[2024-07-08 16:36:33.124975] .
[2024-07-08 16:36:34.240724] .
[2024-07-08 16:36:35.333225] .
[2024-07-08 16:36:36.427486] .
[2024-07-08 16:36:37.676080] 
=== Evaluation results for submission '7afc6e74-b52a-42f4-9f82-6069ae4bec0c' retrieved. ===
[2024-07-08 16:36:37.676161] You achieved the score 25/27 (92%).
[2024-07-08 16:36:37.676188] You have PASSED this assignment.
[2024-07-08 16:38:02.836195] === BEGIN Evaluation Log
[2024-07-08 16:38:02.836346] [2024-07-08 16:36:07.634801] Start of evaluation log for submission '7afc6e74-b52a-42f4-9f82-6069ae4bec0c'.
[2024-07-08 16:36:07.635391] Team member: ('Afanasjew', 'Alexander', '5452745')
[2024-07-08 16:36:07.635416] Team member: ('Matveev', 'Nikita', '5423235')
[2024-07-08 16:36:07.651401] Preparing the sandbox
[2024-07-08 16:36:08.292669] Unpacking submission in sandbox
[2024-07-08 16:36:08.697856] Building the test subject
[2024-07-08 16:36:08.698173] Building submitted njvm with the supplied 'mknjvm'-script.
[2024-07-08 16:36:09.097942] Build log:
gcc -I src/build/include -L src/build/lib -g -Wall -std=c99 -pedantic -o njvm src/njvm.c -lbigint
[2024-07-08 16:36:09.219675] Beginning evaluation.
[2024-07-08 16:36:09.219829] Evaluating test00 with the submitted solution.
[2024-07-08 16:36:09.220812] Running '/home/solution/njvm/njvm --stack 64 --heap 8192 /home/tests/test00/coll1.bin'.
[2024-07-08 16:36:09.356652] Outputs match.
[2024-07-08 16:36:09.356677] Test passed.
[2024-07-08 16:36:09.356688] Running Score: 1/1

[2024-07-08 16:36:09.356707] Evaluating test01 with the submitted solution.
[2024-07-08 16:36:09.357704] Running '/home/solution/njvm/njvm --stack 64 --heap 8192 /home/tests/test01/coll2.bin'.
[2024-07-08 16:36:09.487550] Outputs match.
[2024-07-08 16:36:09.487580] Test passed.
[2024-07-08 16:36:09.487591] Running Score: 2/2

[2024-07-08 16:36:09.487609] Evaluating test02 with the submitted solution.
[2024-07-08 16:36:09.488496] Running '/home/solution/njvm/njvm --stack 64 --heap 8192 /home/tests/test02/fact1.bin'.
[2024-07-08 16:36:09.628971] Outputs match.
[2024-07-08 16:36:09.628996] Test passed.
[2024-07-08 16:36:09.629007] Running Score: 3/3

[2024-07-08 16:36:09.629026] Evaluating test03 with the submitted solution.
[2024-07-08 16:36:09.629875] Running '/home/solution/njvm/njvm --stack 64 --heap 256 --gcpurge /home/tests/test03/fact2.bin'.
[2024-07-08 16:36:09.758453] Outputs match.
[2024-07-08 16:36:09.758479] Test passed.
[2024-07-08 16:36:09.758490] Running Score: 4/4

[2024-07-08 16:36:09.758509] Evaluating test04 with the submitted solution.
[2024-07-08 16:36:09.759449] Running '/home/solution/njvm/njvm --stack 64 --heap 256 --gcpurge /home/tests/test04/factor.bin'.
[2024-07-08 16:36:10.625435] Outputs match.
[2024-07-08 16:36:10.625465] Test passed.
[2024-07-08 16:36:10.625482] Running Score: 5/5

[2024-07-08 16:36:10.625507] Evaluating test05 with the submitted solution.
[2024-07-08 16:36:10.626494] Running '/home/solution/njvm/njvm --stack 64 --heap 8192 /home/tests/test05/factor2.bin'.
[2024-07-08 16:36:10.626527] Heaplimit (with ulimit -SHd) is 10000.
[2024-07-08 16:36:26.576543] Outputs match.
[2024-07-08 16:36:26.576570] Test passed.
[2024-07-08 16:36:26.576581] Running Score: 6/6

[2024-07-08 16:36:26.576604] Evaluating test06 with the submitted solution.
[2024-07-08 16:36:26.577528] Running '/home/solution/njvm/njvm --stack 64 --heap 256 /home/tests/test06/fib1.bin'.
[2024-07-08 16:36:26.577556] Heaplimit (with ulimit -SHd) is 900.
[2024-07-08 16:36:26.781023] Outputs match.
[2024-07-08 16:36:26.781051] Test passed.
[2024-07-08 16:36:26.781064] Running Score: 7/7

[2024-07-08 16:36:26.781081] Evaluating test07 with the submitted solution.
[2024-07-08 16:36:26.781987] Running '/home/solution/njvm/njvm --stack 64 --heap 256 /home/tests/test07/fib2.bin'.
[2024-07-08 16:36:26.782013] Heaplimit (with ulimit -SHd) is 900.
[2024-07-08 16:36:26.930753] Outputs match.
[2024-07-08 16:36:26.930783] Test passed.
[2024-07-08 16:36:26.930795] Running Score: 8/8

[2024-07-08 16:36:26.930809] Evaluating test08 with the submitted solution.
[2024-07-08 16:36:26.931682] Running '/home/solution/njvm/njvm --stack 64 --heap 8192 /home/tests/test08/gcd.bin'.
[2024-07-08 16:36:27.070752] Outputs match.
[2024-07-08 16:36:27.070778] Test passed.
[2024-07-08 16:36:27.070789] Running Score: 9/9

[2024-07-08 16:36:27.070806] Evaluating test09 with the submitted solution.
[2024-07-08 16:36:27.072099] Running '/home/solution/njvm/njvm --stack 64 --heap 8192 /home/tests/test09/harm.bin'.
[2024-07-08 16:36:27.204964] Outputs match.
[2024-07-08 16:36:27.204990] Test passed.
[2024-07-08 16:36:27.205002] Running Score: 10/10

[2024-07-08 16:36:27.205020] Evaluating test10 with the submitted solution.
[2024-07-08 16:36:27.205988] Running '/home/solution/njvm/njvm --stack 64 --heap 8192 /home/tests/test10/lcon.bin'.
[2024-07-08 16:36:27.347016] Outputs match.
[2024-07-08 16:36:27.347036] Test passed.
[2024-07-08 16:36:27.347045] Running Score: 11/11

[2024-07-08 16:36:27.347060] Evaluating test11 with the submitted solution.
[2024-07-08 16:36:27.347869] Running '/home/solution/njvm/njvm --stack 64 --heap 8192 /home/tests/test11/listrev.bin'.
[2024-07-08 16:36:27.481549] Outputs match.
[2024-07-08 16:36:27.481569] Test passed.
[2024-07-08 16:36:27.481578] Running Score: 12/12

[2024-07-08 16:36:27.481592] Evaluating test12 with the submitted solution.
[2024-07-08 16:36:27.482480] Running '/home/solution/njvm/njvm --stack 64 --heap 8192 /home/tests/test12/matinv.bin'.
[2024-07-08 16:36:27.606673] Outputs match.
[2024-07-08 16:36:27.606699] Test passed.
[2024-07-08 16:36:27.606714] Running Score: 13/13

[2024-07-08 16:36:27.606737] Evaluating test13 with the submitted solution.
[2024-07-08 16:36:27.607580] Running '/home/solution/njvm/njvm --stack 64 --heap 8192 /home/tests/test13/tree.bin'.
[2024-07-08 16:36:27.746939] Outputs match.
[2024-07-08 16:36:27.746967] Test passed.
[2024-07-08 16:36:27.746980] Running Score: 14/14

[2024-07-08 16:36:27.746998] Evaluating test14 with the submitted solution.
[2024-07-08 16:36:27.747864] Running '/home/solution/njvm/njvm --stack 64 --heap 8192 /home/tests/test14/tree2.bin'.
[2024-07-08 16:36:27.888111] Outputs match.
[2024-07-08 16:36:27.888140] Test passed.
[2024-07-08 16:36:27.888159] Running Score: 15/15

[2024-07-08 16:36:27.888183] Evaluating test15 with the submitted solution.
[2024-07-08 16:36:27.889283] Running '/home/solution/njvm/njvm --stack 64 --heap 8192 /home/tests/test15/tree3.bin'.
[2024-07-08 16:36:28.021528] Outputs match.
[2024-07-08 16:36:28.021556] Test passed.
[2024-07-08 16:36:28.021567] Running Score: 16/16

[2024-07-08 16:36:28.021584] Evaluating test16 with the submitted solution.
[2024-07-08 16:36:28.022421] Running '/home/solution/njvm/njvm --stack 64 --heap 8192 /home/tests/test16/twodim.bin'.
[2024-07-08 16:36:28.149593] Outputs match.
[2024-07-08 16:36:28.149620] Test passed.
[2024-07-08 16:36:28.149632] Running Score: 17/17

[2024-07-08 16:36:28.149651] Evaluating test17 with the submitted solution.
[2024-07-08 16:36:28.150582] Running '/home/solution/njvm/njvm /home/tests/test17/heap_test1.bin'.
[2024-07-08 16:36:28.150607] Heaplimit (with ulimit -SHd) is 9000.
[2024-07-08 16:36:28.289893] Results do not match. Expected a success with exit code '0', but submission failed with exit code '1'.
[2024-07-08 16:36:28.289935] Output (stdout) of '/home/solution/njvm/njvm /home/tests/test17/heap_test1.bin' (Limited to 50 lines/10000 characters):
Ninja Virtual Machine started
Fatal error: newPrimObject() out of memory
[2024-07-08 16:36:28.289958] Test not passed.
[2024-07-08 16:36:28.289969] Running Score: 17/18

[2024-07-08 16:36:28.289986] Evaluating test18 with the submitted solution.
[2024-07-08 16:36:28.290756] Running '/home/solution/njvm/njvm --stack 64 --heap 1800 /home/tests/test18/heap_test2.bin'.
[2024-07-08 16:36:28.290779] Heaplimit (with ulimit -SHd) is 2000.
[2024-07-08 16:36:28.584667] Outputs match.
[2024-07-08 16:36:28.584693] Test passed.
[2024-07-08 16:36:28.584710] Running Score: 18/19

[2024-07-08 16:36:28.584734] Evaluating test19 with the submitted solution.
[2024-07-08 16:36:28.585642] Running '/home/solution/njvm/njvm --stack 64 --heap 32768 /home/tests/test19/heap_test3.bin'.
[2024-07-08 16:36:28.585672] Heaplimit (with ulimit -SHd) is 34000.
[2024-07-08 16:36:30.790959] Outputs match.
[2024-07-08 16:36:30.790988] Test passed.
[2024-07-08 16:36:30.790999] Running Score: 19/20

[2024-07-08 16:36:30.791017] Evaluating test20 with the submitted solution.
[2024-07-08 16:36:30.791914] Running '/home/solution/njvm/njvm --gcpurge /home/tests/test20/heap_test1.bin'.
[2024-07-08 16:36:30.791939] Heaplimit (with ulimit -SHd) is 9000.
[2024-07-08 16:36:30.935979] Results do not match. Expected a success with exit code '0', but submission failed with exit code '1'.
[2024-07-08 16:36:30.936025] Output (stdout) of '/home/solution/njvm/njvm --gcpurge /home/tests/test20/heap_test1.bin' (Limited to 50 lines/10000 characters):
Ninja Virtual Machine started
Fatal error: newPrimObject() out of memory
[2024-07-08 16:36:30.936050] Test not passed.
[2024-07-08 16:36:30.936061] Running Score: 19/21

[2024-07-08 16:36:30.936079] Evaluating test21 with the submitted solution.
[2024-07-08 16:36:30.936880] Running '/home/solution/njvm/njvm --stack 64 --gcpurge --heap 2000 /home/tests/test21/heap_test2.bin'.
[2024-07-08 16:36:30.936912] Heaplimit (with ulimit -SHd) is 2200.
[2024-07-08 16:36:31.493545] Outputs match.
[2024-07-08 16:36:31.493572] Test passed.
[2024-07-08 16:36:31.493586] Running Score: 20/22

[2024-07-08 16:36:31.493602] Evaluating test22 with the submitted solution.
[2024-07-08 16:36:31.494468] Running '/home/solution/njvm/njvm --stack 64 --heap 32768 --gcpurge /home/tests/test22/heap_test3.bin'.
[2024-07-08 16:36:31.494531] Heaplimit (with ulimit -SHd) is 34000.
[2024-07-08 16:36:35.756080] Outputs match.
[2024-07-08 16:36:35.756106] Test passed.
[2024-07-08 16:36:35.756117] Running Score: 21/23

[2024-07-08 16:36:35.756136] Evaluating test23 with the submitted solution.
[2024-07-08 16:36:35.756969] Running '/home/solution/njvm/njvm --stack 64 --heap 1 /home/tests/test23/factor2.bin'.
[2024-07-08 16:36:35.900040] Both the reference solution and the submission exited with an exit code != 0.
[2024-07-08 16:36:35.900067] The reference solution exited with exit code 1, submission exited with 1.
[2024-07-08 16:36:35.900087] Test passed.
[2024-07-08 16:36:35.900098] Running Score: 22/24

[2024-07-08 16:36:35.900115] Evaluating test24 with the submitted solution.
[2024-07-08 16:36:35.901263] Running '/home/solution/njvm/njvm --stack 64 --heap 1 /home/tests/test24/heap_test1.bin'.
[2024-07-08 16:36:36.030505] Both the reference solution and the submission exited with an exit code != 0.
[2024-07-08 16:36:36.030528] The reference solution exited with exit code 1, submission exited with 1.
[2024-07-08 16:36:36.030549] Test passed.
[2024-07-08 16:36:36.030560] Running Score: 23/25

[2024-07-08 16:36:36.030578] Evaluating test25 with the submitted solution.
[2024-07-08 16:36:36.031377] Running '/home/solution/njvm/njvm --stack 64 --heap 1 /home/tests/test25/heap_test2.bin'.
[2024-07-08 16:36:36.155729] Both the reference solution and the submission exited with an exit code != 0.
[2024-07-08 16:36:36.155756] The reference solution exited with exit code 1, submission exited with 1.
[2024-07-08 16:36:36.155776] Test passed.
[2024-07-08 16:36:36.155787] Running Score: 24/26

[2024-07-08 16:36:36.155805] Evaluating test26 with the submitted solution.
[2024-07-08 16:36:36.156641] Running '/home/solution/njvm/njvm --stack 64 --heap 1 /home/tests/test26/heap_test3.bin'.
[2024-07-08 16:36:36.293747] Both the reference solution and the submission exited with an exit code != 0.
[2024-07-08 16:36:36.293777] The reference solution exited with exit code 1, submission exited with 1.
[2024-07-08 16:36:36.293795] Test passed.
[2024-07-08 16:36:36.293829] Running Score: 25/27

[2024-07-08 16:36:36.293856] Final score: 25/27 (92%). 
[2024-07-08 16:36:36.293970] 62% are needed to pass.
[2024-07-08 16:36:36.591340] You have PASSED this assignment.

[2024-07-08 16:38:02.836422] === END Evaluation Log
[2024-07-08 16:38:02.836558] NOTE: This evaluation log is also available at '/home/aafn/KSP/hausuebung/.submitscript/data/assignments/Aufgabe-2/submissions/[evaluated] 7afc6e74-b52a-42f4-9f82-6069ae4bec0c/evaluation.log'
[2024-07-08 16:38:02.836634] 
