[2024-07-08 16:47:49.204086] Bootstrap log:
which: no python3.10 in (/home/aafn/.local/bin:/usr/local/bin:/usr/bin:/usr/local/sbin:/usr/lib/jvm/default/bin:/usr/bin/site_perl:/usr/bin/vendor_perl:/usr/bin/core_perl)
which: no python3.9 in (/home/aafn/.local/bin:/usr/local/bin:/usr/bin:/usr/local/sbin:/usr/lib/jvm/default/bin:/usr/bin/site_perl:/usr/bin/vendor_perl:/usr/bin/core_perl)
which: no python3.8 in (/home/aafn/.local/bin:/usr/local/bin:/usr/bin:/usr/local/sbin:/usr/lib/jvm/default/bin:/usr/bin/site_perl:/usr/bin/vendor_perl:/usr/bin/core_perl)
which: no python3.7 in (/home/aafn/.local/bin:/usr/local/bin:/usr/bin:/usr/local/sbin:/usr/lib/jvm/default/bin:/usr/bin/site_perl:/usr/bin/vendor_perl:/usr/bin/core_perl)
which: no python3.6 in (/home/aafn/.local/bin:/usr/local/bin:/usr/bin:/usr/local/sbin:/usr/lib/jvm/default/bin:/usr/bin/site_perl:/usr/bin/vendor_perl:/usr/bin/core_perl)
Identified Python 3.12.4 at /usr/bin/python3.12
[Bootstrap] Identified pip 24.0 from /usr/lib/python3.12/site-packages/pip (python 3.12)' at /usr/bin/python3.12 -m pip
[Bootstrap] Identified 'pipenv, version 2024.0.1' at /usr/bin/python3.12 -m pipenv
[Bootstrap] Running '/usr/bin/python3.12 -m pipenv install --python 3.12' to ensure the existence of a virtual environment.
[Bootstrap] This may take a moment.
To activate this project's virtualenv, run pipenv shell.
Alternatively, run a command inside the virtualenv with pipenv run.
To activate this project's virtualenv, run pipenv shell.
Alternatively, run a command inside the virtualenv with pipenv run.
Installing dependencies from Pipfile.lock (9e52dd)...
[Bootstrap] Running the script in a virtual environment.
/usr/bin/python3.12 -m pipenv run python3 ./main.py
/home/aafn/KSP/hausuebung/.submitscript/src/submitscript/data/submission.py:87: SyntaxWarning: invalid escape sequence '\['
  matched = re.search("(\[(.*)])?\s*(.+)", self.path.name)

[2024-07-08 16:47:49.204116] === Welcome ===
[2024-07-08 16:47:49.330527] Please review the currently saved information about your team:
[2024-07-08 16:47:49.330605]  1 - First name: Alexander; Last name: Afanasjew; Matriculation number: 5452745
[2024-07-08 16:47:49.330616]  2 - First name: Nikita; Last name: Matveev; Matriculation number: 5423235
[2024-07-08 16:47:50.581635] 
[2024-07-08 16:47:51.570147] 
[2024-07-08 16:47:51.570249] === Submitting ===
[2024-07-08 16:47:52.480686] 
[2024-07-08 16:47:52.481256] 
[2024-07-08 16:47:52.481310] Selected variant 'njvm' for assignment 'Aufgabe-2'.
[2024-07-08 16:47:52.495677] === Building submission ===
[2024-07-08 16:47:52.495765] Running './mknjvm'.
[2024-07-08 16:47:52.495794] === Building submission finished ===
[2024-07-08 16:47:52.644534] === Cleaning directory for submission ===
[2024-07-08 16:47:52.646662] === Cleaning directory finished ===
[2024-07-08 16:47:52.674018] === Starting Upload ===
[2024-07-08 16:47:52.890176] === Upload finished ===
[2024-07-08 16:47:52.890236] === BEGIN Upload Log
[2024-07-08 16:47:52.890263] [2024-07-08 16:47:52.774507] Received submission deb5a485-5802-4494-a41a-f8130f6d2810
[2024-07-08 16:47:52.774568] Ip: 172.18.0.3
[2024-07-08 16:47:52.774589] Team members: [('Afanasjew', 'Alexander', '5452745'), ('Matveev', 'Nikita', '5423235')]
[2024-07-08 16:47:52.855587] Your submission was ACCEPTED for course 'KSP-ss24', assignment 'Aufgabe-2'.
[2024-07-08 16:47:52.855628] Your submission has the id deb5a485-5802-4494-a41a-f8130f6d2810.
[2024-07-08 16:47:52.855908] It will be evaluated shortly. Please check back soon for your results.

[2024-07-08 16:47:52.890289] === END Upload Log
[2024-07-08 16:47:52.890313] Successfully submitted your solution. Please see the upload log above for more details.
[2024-07-08 16:47:52.891607] Polling for results (Press CTRL + C to abort).
[2024-07-08 16:47:53.002383] .
[2024-07-08 16:47:54.117231] .
[2024-07-08 16:47:55.231541] .
[2024-07-08 16:47:56.355118] .
[2024-07-08 16:47:57.471032] .
[2024-07-08 16:47:58.582998] .
[2024-07-08 16:47:59.699274] .
[2024-07-08 16:48:00.820529] .
[2024-07-08 16:48:01.945070] .
[2024-07-08 16:48:03.061879] .
[2024-07-08 16:48:04.181090] .
[2024-07-08 16:48:05.299069] .
[2024-07-08 16:48:06.416694] .
[2024-07-08 16:48:07.527585] .
[2024-07-08 16:48:08.651200] .
[2024-07-08 16:48:09.768558] .
[2024-07-08 16:48:10.879299] .
[2024-07-08 16:48:11.995505] .
[2024-07-08 16:48:13.116050] .
[2024-07-08 16:48:14.228304] .
[2024-07-08 16:48:15.340424] .
[2024-07-08 16:48:16.465350] .
[2024-07-08 16:48:17.596896] .
[2024-07-08 16:48:18.719952] .
[2024-07-08 16:48:19.835411] .
[2024-07-08 16:48:20.960936] .
[2024-07-08 16:48:22.077256] .
[2024-07-08 16:48:23.221194] .
[2024-07-08 16:48:24.464064] 
=== Evaluation results for submission 'deb5a485-5802-4494-a41a-f8130f6d2810' retrieved. ===
[2024-07-08 16:48:24.464144] You achieved the score 27/27 (100%).
[2024-07-08 16:48:24.464165] You have PASSED this assignment.
[2024-07-08 16:48:29.630145] === BEGIN Evaluation Log
[2024-07-08 16:48:29.630289] [2024-07-08 16:47:52.857692] Start of evaluation log for submission 'deb5a485-5802-4494-a41a-f8130f6d2810'.
[2024-07-08 16:47:52.858023] Team member: ('Afanasjew', 'Alexander', '5452745')
[2024-07-08 16:47:52.858045] Team member: ('Matveev', 'Nikita', '5423235')
[2024-07-08 16:47:52.875281] Preparing the sandbox
[2024-07-08 16:47:53.543840] Unpacking submission in sandbox
[2024-07-08 16:47:53.942950] Building the test subject
[2024-07-08 16:47:53.943268] Building submitted njvm with the supplied 'mknjvm'-script.
[2024-07-08 16:47:54.342374] Build log:
gcc -I src/build/include -L src/build/lib -g -Wall -std=c99 -pedantic -o njvm src/njvm.c -lbigint
[2024-07-08 16:47:54.469735] Beginning evaluation.
[2024-07-08 16:47:54.469939] Evaluating test00 with the submitted solution.
[2024-07-08 16:47:54.470920] Running '/home/solution/njvm/njvm --stack 64 --heap 8192 /home/tests/test00/coll1.bin'.
[2024-07-08 16:47:54.608283] Outputs match.
[2024-07-08 16:47:54.608311] Test passed.
[2024-07-08 16:47:54.608322] Running Score: 1/1

[2024-07-08 16:47:54.608340] Evaluating test01 with the submitted solution.
[2024-07-08 16:47:54.609235] Running '/home/solution/njvm/njvm --stack 64 --heap 8192 /home/tests/test01/coll2.bin'.
[2024-07-08 16:47:54.744852] Outputs match.
[2024-07-08 16:47:54.744880] Test passed.
[2024-07-08 16:47:54.744891] Running Score: 2/2

[2024-07-08 16:47:54.744906] Evaluating test02 with the submitted solution.
[2024-07-08 16:47:54.745726] Running '/home/solution/njvm/njvm --stack 64 --heap 8192 /home/tests/test02/fact1.bin'.
[2024-07-08 16:47:54.871789] Outputs match.
[2024-07-08 16:47:54.871818] Test passed.
[2024-07-08 16:47:54.871833] Running Score: 3/3

[2024-07-08 16:47:54.871856] Evaluating test03 with the submitted solution.
[2024-07-08 16:47:54.872710] Running '/home/solution/njvm/njvm --stack 64 --heap 256 --gcpurge /home/tests/test03/fact2.bin'.
[2024-07-08 16:47:55.002878] Outputs match.
[2024-07-08 16:47:55.002918] Test passed.
[2024-07-08 16:47:55.002944] Running Score: 4/4

[2024-07-08 16:47:55.002967] Evaluating test04 with the submitted solution.
[2024-07-08 16:47:55.004301] Running '/home/solution/njvm/njvm --stack 64 --heap 256 --gcpurge /home/tests/test04/factor.bin'.
[2024-07-08 16:47:55.968292] Outputs match.
[2024-07-08 16:47:55.968313] Test passed.
[2024-07-08 16:47:55.968322] Running Score: 5/5

[2024-07-08 16:47:55.968336] Evaluating test05 with the submitted solution.
[2024-07-08 16:47:55.969440] Running '/home/solution/njvm/njvm --stack 64 --heap 8192 /home/tests/test05/factor2.bin'.
[2024-07-08 16:47:55.969464] Heaplimit (with ulimit -SHd) is 10000.
[2024-07-08 16:48:12.062456] Outputs match.
[2024-07-08 16:48:12.062481] Test passed.
[2024-07-08 16:48:12.062493] Running Score: 6/6

[2024-07-08 16:48:12.062506] Evaluating test06 with the submitted solution.
[2024-07-08 16:48:12.063444] Running '/home/solution/njvm/njvm --stack 64 --heap 256 /home/tests/test06/fib1.bin'.
[2024-07-08 16:48:12.063473] Heaplimit (with ulimit -SHd) is 900.
[2024-07-08 16:48:12.248444] Outputs match.
[2024-07-08 16:48:12.248471] Test passed.
[2024-07-08 16:48:12.248481] Running Score: 7/7

[2024-07-08 16:48:12.248501] Evaluating test07 with the submitted solution.
[2024-07-08 16:48:12.249350] Running '/home/solution/njvm/njvm --stack 64 --heap 256 /home/tests/test07/fib2.bin'.
[2024-07-08 16:48:12.249373] Heaplimit (with ulimit -SHd) is 900.
[2024-07-08 16:48:12.410979] Outputs match.
[2024-07-08 16:48:12.411003] Test passed.
[2024-07-08 16:48:12.411014] Running Score: 8/8

[2024-07-08 16:48:12.411030] Evaluating test08 with the submitted solution.
[2024-07-08 16:48:12.411852] Running '/home/solution/njvm/njvm --stack 64 --heap 8192 /home/tests/test08/gcd.bin'.
[2024-07-08 16:48:12.548547] Outputs match.
[2024-07-08 16:48:12.548573] Test passed.
[2024-07-08 16:48:12.548584] Running Score: 9/9

[2024-07-08 16:48:12.548602] Evaluating test09 with the submitted solution.
[2024-07-08 16:48:12.549462] Running '/home/solution/njvm/njvm --stack 64 --heap 8192 /home/tests/test09/harm.bin'.
[2024-07-08 16:48:12.680769] Outputs match.
[2024-07-08 16:48:12.680791] Test passed.
[2024-07-08 16:48:12.680803] Running Score: 10/10

[2024-07-08 16:48:12.680820] Evaluating test10 with the submitted solution.
[2024-07-08 16:48:12.681717] Running '/home/solution/njvm/njvm --stack 64 --heap 8192 /home/tests/test10/lcon.bin'.
[2024-07-08 16:48:12.800548] Outputs match.
[2024-07-08 16:48:12.800576] Test passed.
[2024-07-08 16:48:12.800587] Running Score: 11/11

[2024-07-08 16:48:12.800607] Evaluating test11 with the submitted solution.
[2024-07-08 16:48:12.801434] Running '/home/solution/njvm/njvm --stack 64 --heap 8192 /home/tests/test11/listrev.bin'.
[2024-07-08 16:48:12.936327] Outputs match.
[2024-07-08 16:48:12.936356] Test passed.
[2024-07-08 16:48:12.936367] Running Score: 12/12

[2024-07-08 16:48:12.936381] Evaluating test12 with the submitted solution.
[2024-07-08 16:48:12.937218] Running '/home/solution/njvm/njvm --stack 64 --heap 8192 /home/tests/test12/matinv.bin'.
[2024-07-08 16:48:13.073566] Outputs match.
[2024-07-08 16:48:13.073639] Test passed.
[2024-07-08 16:48:13.073697] Running Score: 13/13

[2024-07-08 16:48:13.073772] Evaluating test13 with the submitted solution.
[2024-07-08 16:48:13.074766] Running '/home/solution/njvm/njvm --stack 64 --heap 8192 /home/tests/test13/tree.bin'.
[2024-07-08 16:48:13.211115] Outputs match.
[2024-07-08 16:48:13.211376] Test passed.
[2024-07-08 16:48:13.211660] Running Score: 14/14

[2024-07-08 16:48:13.212034] Evaluating test14 with the submitted solution.
[2024-07-08 16:48:13.213191] Running '/home/solution/njvm/njvm --stack 64 --heap 8192 /home/tests/test14/tree2.bin'.
[2024-07-08 16:48:13.347387] Outputs match.
[2024-07-08 16:48:13.347430] Test passed.
[2024-07-08 16:48:13.347453] Running Score: 15/15

[2024-07-08 16:48:13.347485] Evaluating test15 with the submitted solution.
[2024-07-08 16:48:13.348336] Running '/home/solution/njvm/njvm --stack 64 --heap 8192 /home/tests/test15/tree3.bin'.
[2024-07-08 16:48:13.473830] Outputs match.
[2024-07-08 16:48:13.473849] Test passed.
[2024-07-08 16:48:13.473861] Running Score: 16/16

[2024-07-08 16:48:13.473875] Evaluating test16 with the submitted solution.
[2024-07-08 16:48:13.474728] Running '/home/solution/njvm/njvm --stack 64 --heap 8192 /home/tests/test16/twodim.bin'.
[2024-07-08 16:48:13.612417] Outputs match.
[2024-07-08 16:48:13.612436] Test passed.
[2024-07-08 16:48:13.612445] Running Score: 17/17

[2024-07-08 16:48:13.612459] Evaluating test17 with the submitted solution.
[2024-07-08 16:48:13.613263] Running '/home/solution/njvm/njvm /home/tests/test17/heap_test1.bin'.
[2024-07-08 16:48:13.613281] Heaplimit (with ulimit -SHd) is 9000.
[2024-07-08 16:48:14.884581] Outputs match.
[2024-07-08 16:48:14.884602] Test passed.
[2024-07-08 16:48:14.884611] Running Score: 18/18

[2024-07-08 16:48:14.884625] Evaluating test18 with the submitted solution.
[2024-07-08 16:48:14.885455] Running '/home/solution/njvm/njvm --stack 64 --heap 1800 /home/tests/test18/heap_test2.bin'.
[2024-07-08 16:48:14.885473] Heaplimit (with ulimit -SHd) is 2000.
[2024-07-08 16:48:15.144735] Outputs match.
[2024-07-08 16:48:15.144770] Test passed.
[2024-07-08 16:48:15.144784] Running Score: 19/19

[2024-07-08 16:48:15.144803] Evaluating test19 with the submitted solution.
[2024-07-08 16:48:15.145761] Running '/home/solution/njvm/njvm --stack 64 --heap 32768 /home/tests/test19/heap_test3.bin'.
[2024-07-08 16:48:15.145789] Heaplimit (with ulimit -SHd) is 34000.
[2024-07-08 16:48:17.377064] Outputs match.
[2024-07-08 16:48:17.377096] Test passed.
[2024-07-08 16:48:17.377110] Running Score: 20/20

[2024-07-08 16:48:17.377127] Evaluating test20 with the submitted solution.
[2024-07-08 16:48:17.378045] Running '/home/solution/njvm/njvm --gcpurge /home/tests/test20/heap_test1.bin'.
[2024-07-08 16:48:17.378076] Heaplimit (with ulimit -SHd) is 9000.
[2024-07-08 16:48:18.563516] Outputs match.
[2024-07-08 16:48:18.563543] Test passed.
[2024-07-08 16:48:18.563554] Running Score: 21/21

[2024-07-08 16:48:18.563570] Evaluating test21 with the submitted solution.
[2024-07-08 16:48:18.564367] Running '/home/solution/njvm/njvm --stack 64 --gcpurge --heap 2000 /home/tests/test21/heap_test2.bin'.
[2024-07-08 16:48:18.564395] Heaplimit (with ulimit -SHd) is 2200.
[2024-07-08 16:48:19.122711] Outputs match.
[2024-07-08 16:48:19.122738] Test passed.
[2024-07-08 16:48:19.122750] Running Score: 22/22

[2024-07-08 16:48:19.122769] Evaluating test22 with the submitted solution.
[2024-07-08 16:48:19.123630] Running '/home/solution/njvm/njvm --stack 64 --heap 32768 --gcpurge /home/tests/test22/heap_test3.bin'.
[2024-07-08 16:48:19.123657] Heaplimit (with ulimit -SHd) is 34000.
[2024-07-08 16:48:23.324404] Outputs match.
[2024-07-08 16:48:23.324433] Test passed.
[2024-07-08 16:48:23.324445] Running Score: 23/23

[2024-07-08 16:48:23.324462] Evaluating test23 with the submitted solution.
[2024-07-08 16:48:23.325360] Running '/home/solution/njvm/njvm --stack 64 --heap 1 /home/tests/test23/factor2.bin'.
[2024-07-08 16:48:23.448380] Both the reference solution and the submission exited with an exit code != 0.
[2024-07-08 16:48:23.448407] The reference solution exited with exit code 1, submission exited with 1.
[2024-07-08 16:48:23.448427] Test passed.
[2024-07-08 16:48:23.448438] Running Score: 24/24

[2024-07-08 16:48:23.448455] Evaluating test24 with the submitted solution.
[2024-07-08 16:48:23.449241] Running '/home/solution/njvm/njvm --stack 64 --heap 1 /home/tests/test24/heap_test1.bin'.
[2024-07-08 16:48:23.570930] Both the reference solution and the submission exited with an exit code != 0.
[2024-07-08 16:48:23.570959] The reference solution exited with exit code 1, submission exited with 1.
[2024-07-08 16:48:23.570979] Test passed.
[2024-07-08 16:48:23.570989] Running Score: 25/25

[2024-07-08 16:48:23.571006] Evaluating test25 with the submitted solution.
[2024-07-08 16:48:23.571768] Running '/home/solution/njvm/njvm --stack 64 --heap 1 /home/tests/test25/heap_test2.bin'.
[2024-07-08 16:48:23.702831] Both the reference solution and the submission exited with an exit code != 0.
[2024-07-08 16:48:23.702863] The reference solution exited with exit code 1, submission exited with 1.
[2024-07-08 16:48:23.702882] Test passed.
[2024-07-08 16:48:23.702892] Running Score: 26/26

[2024-07-08 16:48:23.702910] Evaluating test26 with the submitted solution.
[2024-07-08 16:48:23.703786] Running '/home/solution/njvm/njvm --stack 64 --heap 1 /home/tests/test26/heap_test3.bin'.
[2024-07-08 16:48:23.831953] Both the reference solution and the submission exited with an exit code != 0.
[2024-07-08 16:48:23.831980] The reference solution exited with exit code 1, submission exited with 1.
[2024-07-08 16:48:23.832000] Test passed.
[2024-07-08 16:48:23.832010] Running Score: 27/27

[2024-07-08 16:48:23.832038] Final score: 27/27 (100%). 
[2024-07-08 16:48:23.832140] 62% are needed to pass.
[2024-07-08 16:48:24.086706] You have PASSED this assignment.

[2024-07-08 16:48:29.630362] === END Evaluation Log
[2024-07-08 16:48:29.630495] NOTE: This evaluation log is also available at '/home/aafn/KSP/hausuebung/.submitscript/data/assignments/Aufgabe-2/submissions/[evaluated] deb5a485-5802-4494-a41a-f8130f6d2810/evaluation.log'
[2024-07-08 16:48:29.630571] 
