[2024-07-08 16:21:39.340789] Bootstrap log:
which: no python3.10 in (/home/aafn/.local/bin:/usr/local/bin:/usr/bin:/usr/local/sbin:/usr/lib/jvm/default/bin:/usr/bin/site_perl:/usr/bin/vendor_perl:/usr/bin/core_perl)
which: no python3.9 in (/home/aafn/.local/bin:/usr/local/bin:/usr/bin:/usr/local/sbin:/usr/lib/jvm/default/bin:/usr/bin/site_perl:/usr/bin/vendor_perl:/usr/bin/core_perl)
which: no python3.8 in (/home/aafn/.local/bin:/usr/local/bin:/usr/bin:/usr/local/sbin:/usr/lib/jvm/default/bin:/usr/bin/site_perl:/usr/bin/vendor_perl:/usr/bin/core_perl)
which: no python3.7 in (/home/aafn/.local/bin:/usr/local/bin:/usr/bin:/usr/local/sbin:/usr/lib/jvm/default/bin:/usr/bin/site_perl:/usr/bin/vendor_perl:/usr/bin/core_perl)
which: no python3.6 in (/home/aafn/.local/bin:/usr/local/bin:/usr/bin:/usr/local/sbin:/usr/lib/jvm/default/bin:/usr/bin/site_perl:/usr/bin/vendor_perl:/usr/bin/core_perl)
Identified Python 3.12.4 at /usr/bin/python3.12
[Bootstrap] Identified pip 24.0 from /usr/lib/python3.12/site-packages/pip (python 3.12)' at /usr/bin/python3.12 -m pip
[Bootstrap] Identified 'pipenv, version 2024.0.1' at /usr/bin/python3.12 -m pipenv
[Bootstrap] Running '/usr/bin/python3.12 -m pipenv install --python 3.12' to ensure the existence of a virtual environment.
[Bootstrap] This may take a moment.
To activate this project's virtualenv, run pipenv shell.
Alternatively, run a command inside the virtualenv with pipenv run.
To activate this project's virtualenv, run pipenv shell.
Alternatively, run a command inside the virtualenv with pipenv run.
Installing dependencies from Pipfile.lock (9e52dd)...
[Bootstrap] Running the script in a virtual environment.
/usr/bin/python3.12 -m pipenv run python3 ./main.py
/home/aafn/KSP/hausuebung/.submitscript/src/submitscript/data/submission.py:87: SyntaxWarning: invalid escape sequence '\['
  matched = re.search("(\[(.*)])?\s*(.+)", self.path.name)

[2024-07-08 16:21:39.340819] === Welcome ===
[2024-07-08 16:21:39.430185] Please review the currently saved information about your team:
[2024-07-08 16:21:39.430264]  1 - First name: Alexander; Last name: Afanasjew; Matriculation number: 5452745
[2024-07-08 16:21:39.430275]  2 - First name: Nikita; Last name: Matveev; Matriculation number: 5423235
[2024-07-08 16:21:40.488203] 
[2024-07-08 16:21:41.896173] 
[2024-07-08 16:21:41.896226] === Submitting ===
[2024-07-08 16:21:43.192362] 
[2024-07-08 16:21:43.192638] 
[2024-07-08 16:21:43.192661] Selected variant 'njvm' for assignment 'Aufgabe-2'.
[2024-07-08 16:21:43.197436] === Building submission ===
[2024-07-08 16:21:43.197471] Running './mknjvm'.
[2024-07-08 16:21:43.197480] === Building submission finished ===
[2024-07-08 16:21:43.220794] Building your solution failed!
[2024-07-08 16:21:46.275082] === BEGIN Build Log ===
[2024-07-08 16:21:46.275118] gcc -I ../../bigint/build/include -L ../../bigint/build/lib -g -Wall -std=c99 -pedantic -o njvm src/njvm.c -lbigint
src/njvm.c:8:10: fatal error: bigint.h: No such file or directory
    8 | #include <bigint.h>
      |          ^~~~~~~~~~
compilation terminated.

[2024-07-08 16:21:46.275127] === END Build Log ===
[2024-07-08 16:25:21.996939] === Cleaning directory for submission ===
[2024-07-08 16:25:22.002533] === Cleaning directory finished ===
[2024-07-08 16:25:22.011065] === Starting Upload ===
[2024-07-08 16:25:22.183863] === Upload finished ===
[2024-07-08 16:25:22.183925] === BEGIN Upload Log
[2024-07-08 16:25:22.183954] [2024-07-08 16:25:22.083037] Received submission cf9fe422-851a-4594-a73b-3366ab4643ea
[2024-07-08 16:25:22.083134] Ip: 172.18.0.3
[2024-07-08 16:25:22.083175] Team members: [('Afanasjew', 'Alexander', '5452745'), ('Matveev', 'Nikita', '5423235')]
[2024-07-08 16:25:22.150540] Your submission was ACCEPTED for course 'KSP-ss24', assignment 'Aufgabe-2'.
[2024-07-08 16:25:22.150607] Your submission has the id cf9fe422-851a-4594-a73b-3366ab4643ea.
[2024-07-08 16:25:22.150931] It will be evaluated shortly. Please check back soon for your results.

[2024-07-08 16:25:22.183979] === END Upload Log
[2024-07-08 16:25:22.184002] Successfully submitted your solution. Please see the upload log above for more details.
[2024-07-08 16:25:22.185375] Polling for results (Press CTRL + C to abort).
[2024-07-08 16:25:22.288787] .
[2024-07-08 16:25:23.383586] .
[2024-07-08 16:25:24.598733] 
=== Evaluation results for submission 'cf9fe422-851a-4594-a73b-3366ab4643ea' retrieved. ===
[2024-07-08 16:25:24.598810] You achieved the score 0/0 (0%).
[2024-07-08 16:25:24.598836] You have NOT PASSED this assignment.
[2024-07-08 16:25:27.750325] === BEGIN Evaluation Log
[2024-07-08 16:25:27.750419] [2024-07-08 16:25:22.152821] Start of evaluation log for submission 'cf9fe422-851a-4594-a73b-3366ab4643ea'.
[2024-07-08 16:25:22.153401] Team member: ('Afanasjew', 'Alexander', '5452745')
[2024-07-08 16:25:22.153434] Team member: ('Matveev', 'Nikita', '5423235')
[2024-07-08 16:25:22.170595] Preparing the sandbox
[2024-07-08 16:25:22.804786] Unpacking submission in sandbox
[2024-07-08 16:25:23.198741] Building the test subject
[2024-07-08 16:25:23.199057] Building submitted njvm with the supplied 'mknjvm'-script.
[2024-07-08 16:25:23.501722] Build log:
gcc -I ../../bigint/build/include -L ../../bigint/build/lib -g -Wall -std=c99 -pedantic -o njvm src/njvm.c -lbigint
src/njvm.c:8:10: fatal error: bigint.h: No such file or directory
    8 | #include <bigint.h>
      |          ^~~~~~~~~~
compilation terminated.
[2024-07-08 16:25:23.501755] Error: '/home/solution/njvm/mknjvm' failed (Exit code 1)!'
[2024-07-08 16:25:23.501767] Error: Could not build the submitted solution.
[2024-07-08 16:25:23.501794] Building the test subject failed.
[2024-07-08 16:25:23.801276] You have NOT PASSED this assignment.
[2024-07-08 16:25:23.801557] You can try again. Deadline: 14.07.2024 23:59

[2024-07-08 16:25:27.750452] === END Evaluation Log
[2024-07-08 16:25:27.750582] NOTE: This evaluation log is also available at '/home/aafn/KSP/hausuebung/.submitscript/data/assignments/Aufgabe-2/submissions/[evaluated] cf9fe422-851a-4594-a73b-3366ab4643ea/evaluation.log'
[2024-07-08 16:25:27.750658] 
